make all --print-data-base --no-builtin-variables --no-builtin-rules --question
make: *** No rule to make target 'all'.  Stop.
 
# GNU Make 4.3
# Built for x86_64-pc-linux-gnu
# Copyright (C) 1988-2020 Free Software Foundation, Inc.
# License GPLv3+: GNU GPL version 3 or later <http://gnu.org/licenses/gpl.html>
# This is free software: you are free to change and redistribute it.
# There is NO WARRANTY, to the extent permitted by law.

# Make data base, printed on Mon Jul  5 05:04:22 2021

# Variables

# environment
JAVA_HOME = /snap/openjdk/current/jdk
# makefile (from 'Makefile', line 14)
OBJ = $(patsubst %,$(ODIR)/%,$(_OBJ))
# environment
GDK_BACKEND = x11
# environment
LC_ALL = C
# makefile (from 'Makefile', line 7)
SRC = ./src/
# environment
GNOME_SHELL_SESSION_MODE = ubuntu
# environment
SSH_AGENT_LAUNCHER = gnome-keyring
# environment
SNAP_INSTANCE_KEY = 
# environment
GJS_DEBUG_OUTPUT = stderr
# environment
VSCODE_IPC_HOOK_EXTHOST = /run/user/1000/vscode-ipc-2d90b6b2-7f9f-4099-b74a-3887f7ba2d49.sock
# environment
VSCODE_CWD = /home/fred
# makefile (from 'Makefile', line 8)
LIBS = -lm
# default
MAKE_COMMAND := make
# environment
QT_ACCESSIBILITY = 1
# automatic
@D = $(patsubst %/,%,$(dir $@))
# environment
SNAP_INSTANCE_NAME = code
# environment
GDK_PIXBUF_MODULEDIR = /snap/code/67/usr/lib/x86_64-linux-gnu/gdk-pixbuf-2.0/2.10.0/loaders
# environment
VSCODE_HANDLES_UNCAUGHT_ERRORS = true
# default
.VARIABLES := 
# environment
PWD = /home/fred/Dev/opengl_conway
# automatic
%D = $(patsubst %/,%,$(dir $%))
# environment
XDG_DATA_DIRS = /usr/share/ubuntu:/home/fred/.local/share/flatpak/exports/share:/var/lib/flatpak/exports/share:/usr/local/share/:/usr/share/:/var/lib/snapd/desktop
# automatic
^D = $(patsubst %/,%,$(dir $^))
# environment
VSCODE_LOG_STACK = false
# automatic
%F = $(notdir $%)
# makefile (from 'Makefile', line 10)
_DEPS = binary_matrix.h
# environment
LANG = C
# environment
XAUTHORITY = /run/user/1000/.mutter-Xwaylandauth.RSG750
# default
.LOADED := 
# default
.INCLUDE_DIRS = /usr/local/include /usr/include /usr/include
# makefile
MAKEFLAGS = pqrR
# makefile
CURDIR := /home/fred/Dev/opengl_conway
# environment
VSCODE_PIPE_LOGGING = true
# environment
APPLICATION_INSIGHTS_NO_DIAGNOSTIC_CHANNEL = true
# environment
LESSOPEN = | /usr/bin/lesspipe %s
# automatic
*D = $(patsubst %/,%,$(dir $*))
# environment
MFLAGS = -pqrR
# environment
SSH_AUTH_SOCK = /run/user/1000/keyring/ssh
# default
.SHELLFLAGS := -c
# environment
WAYLAND_DISPLAY = wayland-0
# environment
XDG_CONFIG_DIRS = /etc/xdg/xdg-ubuntu:/etc/xdg
# automatic
+D = $(patsubst %/,%,$(dir $+))
# makefile (from 'Makefile', line 5)
ODIR = ./src/obj
# environment
VSCODE_CRASH_REPORTER_START_OPTIONS = {"companyName":"Microsoft","productName":"VSCode","submitURL":"appcenter://code?aid=fba07a4d-84bd-4fc8-a125-9640fc8ce171&uid=cf9627ce-9e78-47ef-ae1d-18ab60f2184d&iid=cf9627ce-9e78-47ef-ae1d-18ab60f2184d&sid=cf9627ce-9e78-47ef-ae1d-18ab60f2184d","uploadToServer":true}
# environment
XDG_SESSION_DESKTOP = ubuntu
# makefile (from 'Makefile', line 1)
MAKEFILE_LIST := Makefile
# environment
SNAP_REEXEC = 
# automatic
@F = $(notdir $@)
# environment
VSCODE_VERBOSE_LOGGING = true
# environment
VSCODE_PID = 3456
# environment
XDG_SESSION_TYPE = wayland
# automatic
?D = $(patsubst %/,%,$(dir $?))
# environment
BAMF_DESKTOP_FILE_HINT = /var/lib/snapd/desktop/applications/code_code.desktop
# environment
SESSION_MANAGER = local/fred-desktop:@/tmp/.ICE-unix/2260,unix/fred-desktop:/tmp/.ICE-unix/2260
# automatic
*F = $(notdir $*)
# environment
CHROME_DESKTOP = code-url-handler.desktop
# environment
DBUS_SESSION_BUS_ADDRESS = unix:path=/run/user/1000/bus
# automatic
<D = $(patsubst %/,%,$(dir $<))
# environment
VSCODE_NLS_CONFIG = {"locale":"en-gb","availableLanguages":{},"_languagePackSupport":true}
# makefile (from 'Makefile', line 1)
IDIR = ./include
# environment
BREAKPAD_DUMP_LOCATION = /home/fred/.config/Code/exthost Crash Reports
# default
MAKE_HOST := x86_64-pc-linux-gnu
# environment
GNOME_DESKTOP_SESSION_ID = this-is-deprecated
# makefile
SHELL = /bin/sh
# default
MAKECMDGOALS := all
# environment
XMODIFIERS = @im=ibus
# environment
GJS_DEBUG_TOPICS = JS ERROR;JS LOG
# environment
SHLVL = 0
# environment
MAKELEVEL := 0
# environment
IM_CONFIG_CHECK_ENV = 1
# default
MAKE = $(MAKE_COMMAND)
# environment
SNAP_COOKIE = Rp--MPbzB7MrtSv-cptc7qFRTzspYZ9Se5I5lQR_-Cn62LLTG70S
# environment
PATH = /home/fred/.local/bin:/home/fred/.local/bin:/usr/local/sbin:/usr/local/bin:/usr/sbin:/usr/bin:/sbin:/bin:/usr/games:/usr/local/games:/snap/bin:/snap/bin:/snap/openjdk/current/jdk/bin:/snap/openjdk/current/jdk/bin
# default
MAKEFILES := 
# environment
LANGUAGE = en_CA:en
# automatic
^F = $(notdir $^)
# environment
SNAP_USER_COMMON = /home/fred/snap/code/common
# environment
SNAP = /snap/code/67
# environment
INVOCATION_ID = bc3eb47db892495c9462ff64ce401fa2
# environment
SNAP_REVISION = 67
# environment
SNAP_REAL_HOME = /home/fred
# environment
VSCODE_LOG_NATIVE = false
# environment
USERNAME = fred
# environment
GNOME_SETUP_DISPLAY = :1
# environment
LESSCLOSE = /usr/bin/lesspipe %s %s
# automatic
?F = $(notdir $?)
# environment
XDG_CURRENT_DESKTOP = Unity
# environment
LS_COLORS = 
# automatic
+F = $(notdir $+)
# environment
DESKTOP_SESSION = ubuntu
# environment
ORIGINAL_XDG_CURRENT_DESKTOP = ubuntu:GNOME
# 'override' directive
GNUMAKEFLAGS := 
# environment
LOGNAME = fred
# environment
GIO_LAUNCHED_DESKTOP_FILE = /var/lib/snapd/desktop/applications/code_code.desktop
# environment
SNAP_ARCH = amd64
# makefile
.DEFAULT_GOAL := gameoflife
# environment
DISPLAY = :0
# environment
USER = fred
# environment
GTK_MODULES = gail:atk-bridge
# default
MAKE_VERSION := 4.3
# environment
DISABLE_WAYLAND = 1
# environment
SNAP_DATA = /var/snap/code/67
# environment
SNAP_CONTEXT = Rp--MPbzB7MrtSv-cptc7qFRTzspYZ9Se5I5lQR_-Cn62LLTG70S
# environment
MANAGERPID = 2109
# environment
GIO_LAUNCHED_DESKTOP_FILE_PID = 3413
# environment
VSCODE_NODE_CACHED_DATA_DIR = /home/fred/.config/Code/CachedData/507ce72a4466fbb27b715c3722558bb15afa9f48
# environment
_ = /snap/code/67/usr/share/code/code
# environment
XDG_RUNTIME_DIR = /run/user/1000
# makefile (from 'Makefile', line 3)
CFLAGS = -I$(IDIR) -O3 -mrdrnd -lglut -lGLU -lGL -fopenmp
# environment
GDK_PIXBUF_MODULE_FILE = /home/fred/snap/code/common/.cache/gdk-pixbuf-loaders.cache
# environment
JOURNAL_STREAM = 8:39135
# environment
XDG_SESSION_CLASS = user
# environment
VSCODE_AMD_ENTRYPOINT = vs/workbench/services/extensions/node/extensionHostProcess
# environment
HOME = /home/fred
# environment
QT_IM_MODULE = ibus
# environment
ELECTRON_RUN_AS_NODE = 1
# environment
VSCODE_IPC_HOOK = /run/user/1000/vscode-b63e381a-1.57.1-main.sock
# environment
SNAP_NAME = code
# environment
GSETTINGS_SCHEMA_DIR = /snap/code/67/usr/share/glib-2.0/schemas
# environment
IM_CONFIG_PHASE = 1
# default
.RECIPEPREFIX := 
# automatic
<F = $(notdir $<)
# makefile (from 'Makefile', line 11)
DEPS = $(patsubst %,$(IDIR)/%,$(_DEPS))
# environment
SNAP_VERSION = 507ce72a
# default
SUFFIXES := 
# makefile (from 'Makefile', line 6)
LDIR = ./lib
# environment
VSCODE_CLI = 1
# environment
ELECTRON_NO_ATTACH_CONSOLE = 1
# makefile (from 'Makefile', line 13)
_OBJ = main.o binary_matrix.o
# environment
SNAP_COMMON = /var/snap/code/common
# default
.FEATURES := target-specific order-only second-expansion else-if shortest-stem undefine oneshell nocomment grouped-target extra-prereqs archives jobserver output-sync check-symlink load
# makefile (from 'Makefile', line 2)
CC = gcc
# environment
SNAP_USER_DATA = /home/fred/snap/code/67
 
# environment
XDG_MENU_PREFIX = gnome-
# environment
GDMSESSION = ubuntu
# environment
SNAP_LIBRARY_PATH = /var/lib/snapd/lib/gl:/var/lib/snapd/lib/gl32:/var/lib/snapd/void
# variable set hash-table stats:
# Load=136/1024=13%, Rehash=0, Collisions=9/174=5%

# Pattern-specific Variable Values

# No pattern-specific variable values.

# Directories

# . (device 64768, inode 40636705): 11 files, no impossibilities.
# src/ (device 64768, inode 41026364): No files, no impossibilities so far.

# 11 files, no impossibilities in 2 directories.

# Implicit Rules

src/obj/%.o: src//%.c include/binary_matrix.h
#  recipe to execute (from 'Makefile', line 18):
	$(CC) -c -o $@ $< $(CFLAGS)

# 1 implicit rules, 0 (0.0%) terminal.
# Files

# Not a target:
src/obj/main.o:
#  Implicit rule search has not been done.
#  Modification time never checked.
#  File has not been updated.

# Not a target:
src/obj/binary_matrix.o:
#  Implicit rule search has not been done.
#  Modification time never checked.
#  File has not been updated.

# Not a target:
Makefile:
#  Implicit rule search has been done.
#  Last modified 2021-07-03 20:09:09.765342875
#  File has been updated.
#  Successfully updated.

clean:
#  Phony target (prerequisite of .PHONY).
#  Implicit rule search has not been done.
#  File does not exist.
#  File has not been updated.
#  recipe to execute (from 'Makefile', line 26):
	rm -f $(ODIR)/*.o *~ core $(INCDIR)/*~

# Not a target:
.DEFAULT:
#  Implicit rule search has not been done.
#  Modification time never checked.
#  File has not been updated.

# Not a target:
all:
#  Command line target.
#  Implicit rule search has been done.
#  File does not exist.
#  File has not been updated.

.PHONY: clean
#  Implicit rule search has not been done.
#  Modification time never checked.
#  File has not been updated.

gameoflife: src/obj/main.o src/obj/binary_matrix.o
#  Implicit rule search has not been done.
#  Modification time never checked.
#  File has not been updated.
#  recipe to execute (from 'Makefile', line 21):
	$(CC) -o $@ $^ $(CFLAGS) $(LIBS)

# files hash-table stats:
# Load=9/1024=1%, Rehash=0, Collisions=0/23=0%
# VPATH Search Paths

# No 'vpath' search paths.

# No general ('VPATH' variable) search path.

# strcache buffers: 1 (0) / strings = 24 / storage = 235 B / avg = 9 B
# current buf: size = 8162 B / used = 235 B / count = 24 / avg = 9 B

# strcache performance: lookups = 33 / hit rate = 27%
# hash-table stats:
# Load=24/8192=0%, Rehash=0, Collisions=0/33=0%
# Finished Make data base on Mon Jul  5 05:04:22 2021

 
